Namespace(align_suffix=None, alignfile=None, all_gather_list_size=16384, bf16=False, bpe=None, cpu=False, criterion='cross_entropy', dataset_impl='mmap', destdir='data-bin/multi30k_en_fr', empty_cache_freq=0, fp16=False, fp16_init_scale=128, fp16_no_flatten_grads=False, fp16_scale_tolerance=0.0, fp16_scale_window=None, joined_dictionary=True, log_format=None, log_interval=100, lr_scheduler='fixed', memory_efficient_bf16=False, memory_efficient_fp16=False, min_loss_scale=0.0001, model_parallel_size=1, no_progress_bar=False, nwordssrc=10000, nwordstgt=10000, only_source=False, optimizer=None, padding_factor=8, profile=False, quantization_config_path=None, scoring='bleu', seed=1, source_lang='en', srcdict=None, target_lang='fr', task='translation', tensorboard_logdir=None, testpref='dataset/multi30k-dataset/data/task1/bpe10000/en-fr/test_2016_flickr.lc.norm.tok.bpe,dataset/multi30k-dataset/data/task1/bpe10000/en-fr/test_2017_flickr.lc.norm.tok.bpe,dataset/multi30k-dataset/data/task1/bpe10000/en-fr/test_2017_mscoco.lc.norm.tok.bpe', tgtdict=None, threshold_loss_scale=None, thresholdsrc=0, thresholdtgt=0, tokenizer=None, tpu=False, trainpref='dataset/multi30k-dataset/data/task1/bpe10000/en-fr/train.lc.norm.tok.bpe', user_dir=None, validpref='dataset/multi30k-dataset/data/task1/bpe10000/en-fr/val.lc.norm.tok.bpe', workers=20)
[en] Dictionary: 9544 types
[en] dataset/multi30k-dataset/data/task1/bpe10000/en-fr/train.lc.norm.tok.bpe.en: 29000 sents, 423353 tokens, 0.0% replaced by <unk>
[en] Dictionary: 9544 types
[en] dataset/multi30k-dataset/data/task1/bpe10000/en-fr/val.lc.norm.tok.bpe.en: 1014 sents, 15041 tokens, 0.0% replaced by <unk>
[en] Dictionary: 9544 types
[en] dataset/multi30k-dataset/data/task1/bpe10000/en-fr/test_2016_flickr.lc.norm.tok.bpe.en: 1000 sents, 14591 tokens, 0.0% replaced by <unk>
[en] Dictionary: 9544 types
[en] dataset/multi30k-dataset/data/task1/bpe10000/en-fr/test_2017_flickr.lc.norm.tok.bpe.en: 1000 sents, 13090 tokens, 0.0% replaced by <unk>
[en] Dictionary: 9544 types
[en] dataset/multi30k-dataset/data/task1/bpe10000/en-fr/test_2017_mscoco.lc.norm.tok.bpe.en: 461 sents, 5995 tokens, 0.0% replaced by <unk>
[fr] Dictionary: 9544 types
[fr] dataset/multi30k-dataset/data/task1/bpe10000/en-fr/train.lc.norm.tok.bpe.fr: 29000 sents, 457762 tokens, 0.0% replaced by <unk>
[fr] Dictionary: 9544 types
[fr] dataset/multi30k-dataset/data/task1/bpe10000/en-fr/val.lc.norm.tok.bpe.fr: 1014 sents, 16142 tokens, 0.0% replaced by <unk>
[fr] Dictionary: 9544 types
[fr] dataset/multi30k-dataset/data/task1/bpe10000/en-fr/test_2016_flickr.lc.norm.tok.bpe.fr: 1000 sents, 15714 tokens, 0.0% replaced by <unk>
[fr] Dictionary: 9544 types
[fr] dataset/multi30k-dataset/data/task1/bpe10000/en-fr/test_2017_flickr.lc.norm.tok.bpe.fr: 1000 sents, 14434 tokens, 0.0% replaced by <unk>
[fr] Dictionary: 9544 types
[fr] dataset/multi30k-dataset/data/task1/bpe10000/en-fr/test_2017_mscoco.lc.norm.tok.bpe.fr: 461 sents, 6669 tokens, 0.0% replaced by <unk>
Wrote preprocessed data to data-bin/multi30k_en_fr
